<?xml version="1.0" encoding="UTF-8"?>
<!-- Generated by org.testng.reporters.JUnitReportReporter -->
<testsuite skipped="0" hostname="DESKTOP-BOFIN8C" name="Vluong_Day11.RegisterUser" tests="1" failures="0" timestamp="2023-06-14T19:04:24 ICT" time="14.230" errors="0">
  <testcase name="TC_001RegisterNewUser" time="14.230" classname="Vluong_Day11.RegisterUser"/>
  <system-out/>
</testsuite> <!-- Vluong_Day11.RegisterUser -->
