<?xml version="1.0" encoding="UTF-8"?>
<!-- Generated by org.testng.reporters.JUnitReportReporter -->
<testsuite skipped="0" hostname="DESKTOP-BOFIN8C" name="Vluong_Day11.LoginUser" tests="7" failures="0" timestamp="2023-05-31T20:07:23 ICT" time="61.943" errors="0">
  <testcase name="TC_006LoginWithWrongEmail" time="6.614" classname="Vluong_Day11.LoginUser"/>
  <system-out/>
  <testcase name="TC_003LoginWithWrongFormatEmail" time="6.292" classname="Vluong_Day11.LoginUser"/>
  <system-out/>
  <testcase name="TC_004LoginWithEmtyEmail" time="4.306" classname="Vluong_Day11.LoginUser"/>
  <system-out/>
  <testcase name="TC_005LoginWithEmtyPass" time="3.518" classname="Vluong_Day11.LoginUser"/>
  <system-out/>
  <testcase name="TC_009UserCanLogout" time="17.144" classname="Vluong_Day11.LoginUser"/>
  <system-out/>
  <testcase name="TC_007LoginWithWrongPass" time="7.805" classname="Vluong_Day11.LoginUser"/>
  <system-out/>
  <testcase name="TC_008LoginSuccessfuly" time="16.264" classname="Vluong_Day11.LoginUser"/>
  <system-out/>
</testsuite> <!-- Vluong_Day11.LoginUser -->
