<?xml version="1.0" encoding="UTF-8"?>
<!-- Generated by org.testng.reporters.JUnitReportReporter -->
<testsuite skipped="0" hostname="DESKTOP-BOFIN8C" name="Vluong_Day11.AddCart" tests="5" failures="0" timestamp="2023-06-14T11:29:51 ICT" time="61.427" errors="0">
  <testcase name="TC_013VerifyProductsQuantityInCart" time="8.733" classname="Vluong_Day11.AddCart"/>
  <system-out/>
  <testcase name="TC_015VerifyCheckOutInCart" time="16.532" classname="Vluong_Day11.AddCart"/>
  <system-out/>
  <testcase name="TC_011VerifySubscriptioninCartpage" time="7.789" classname="Vluong_Day11.AddCart"/>
  <system-out/>
  <testcase name="TC_012VerifyMoreProductsOfTheSametype" time="11.958" classname="Vluong_Day11.AddCart"/>
  <system-out/>
  <testcase name="TC_014VerifyRemoveProductsInCart" time="16.415" classname="Vluong_Day11.AddCart"/>
  <system-out/>
</testsuite> <!-- Vluong_Day11.AddCart -->
