<?xml version="1.0" encoding="UTF-8"?>
<!-- Generated by org.testng.reporters.JUnitReportReporter -->
<testsuite skipped="0" hostname="DESKTOP-BOFIN8C" name="Vluong_Day11.RegisterUser" tests="2" failures="0" timestamp="2023-06-21T18:17:15 ICT" time="23.220" errors="0">
  <testcase name="TC_002RegisterNewUserWithExistingEmail" time="9.235" classname="Vluong_Day11.RegisterUser"/>
  <system-out/>
  <testcase name="TC_001RegisterNewUser" time="13.985" classname="Vluong_Day11.RegisterUser"/>
  <system-out/>
</testsuite> <!-- Vluong_Day11.RegisterUser -->
