<?xml version="1.0" encoding="UTF-8"?>
<!-- Generated by org.testng.reporters.JUnitReportReporter -->
<testsuite skipped="0" hostname="DESKTOP-BOFIN8C" name="Vluong_Day11.LoginUser" tests="7" failures="0" timestamp="2023-06-14T01:43:37 ICT" time="78.031" errors="0">
  <testcase name="TC_006LoginWithWrongEmail" time="7.648" classname="Vluong_Day11.LoginUser"/>
  <system-out/>
  <testcase name="TC_005LoginWithEmtyPass" time="7.889" classname="Vluong_Day11.LoginUser"/>
  <system-out/>
  <testcase name="TC_003LoginWithWrongFormatEmail" time="9.873" classname="Vluong_Day11.LoginUser"/>
  <system-out/>
  <testcase name="TC_009UserCanLogout" time="15.610" classname="Vluong_Day11.LoginUser"/>
  <system-out/>
  <testcase name="TC_008LoginSuccessfuly" time="17.037" classname="Vluong_Day11.LoginUser"/>
  <system-out/>
  <testcase name="TC_007LoginWithWrongPass" time="7.707" classname="Vluong_Day11.LoginUser"/>
  <system-out/>
  <testcase name="TC_004LoginWithEmtyEmail" time="12.267" classname="Vluong_Day11.LoginUser"/>
  <system-out/>
</testsuite> <!-- Vluong_Day11.LoginUser -->
