<?xml version="1.0" encoding="UTF-8"?>
<!-- Generated by org.testng.reporters.JUnitReportReporter -->
<testsuite skipped="0" hostname="DESKTOP-BOFIN8C" name="Vluong_Day11.LoginUser" tests="7" failures="0" timestamp="2023-06-07T18:12:09 ICT" time="63.083" errors="0">
  <testcase name="TC_007LoginWithWrongPass" time="7.564" classname="Vluong_Day11.LoginUser"/>
  <system-out/>
  <testcase name="TC_006LoginWithWrongEmail" time="9.803" classname="Vluong_Day11.LoginUser"/>
  <system-out/>
  <testcase name="TC_004LoginWithEmtyEmail" time="7.425" classname="Vluong_Day11.LoginUser"/>
  <system-out/>
  <testcase name="TC_009UserCanLogout" time="12.375" classname="Vluong_Day11.LoginUser"/>
  <system-out/>
  <testcase name="TC_003LoginWithWrongFormatEmail" time="7.926" classname="Vluong_Day11.LoginUser"/>
  <system-out/>
  <testcase name="TC_005LoginWithEmtyPass" time="8.643" classname="Vluong_Day11.LoginUser"/>
  <system-out/>
  <testcase name="TC_008LoginSuccessfuly" time="9.347" classname="Vluong_Day11.LoginUser"/>
  <system-out/>
</testsuite> <!-- Vluong_Day11.LoginUser -->
