<?xml version="1.0" encoding="UTF-8"?>
<!-- Generated by org.testng.reporters.JUnitReportReporter -->
<testsuite skipped="0" hostname="DESKTOP-BOFIN8C" name="Vluong_Day11.ExtenReport" tests="1" failures="0" timestamp="2023-06-05T23:30:57 ICT" time="0.451" errors="0">
  <testcase name="ExReport" time="0.451" classname="Vluong_Day11.ExtenReport"/>
  <system-out/>
</testsuite> <!-- Vluong_Day11.ExtenReport -->
