<?xml version="1.0" encoding="UTF-8"?>
<!-- Generated by org.testng.reporters.JUnitReportReporter -->
<testsuite skipped="0" hostname="DESKTOP-BOFIN8C" name="Vluong_Day11.RegisterUser" tests="2" failures="0" timestamp="2023-05-17T00:36:33 ICT" time="19.415" errors="0">
  <testcase name="TC_002RegisterNewUserWithExistingEmail" time="9.809" classname="Vluong_Day11.RegisterUser"/>
  <system-out/>
  <testcase name="TC_002RegisterNewUserWithExistingEmail" time="9.606" classname="Vluong_Day11.RegisterUser"/>
  <system-out/>
</testsuite> <!-- Vluong_Day11.RegisterUser -->
