<?xml version="1.0" encoding="UTF-8"?>
<!-- Generated by org.testng.reporters.JUnitReportReporter -->
<testsuite skipped="0" hostname="DESKTOP-BOFIN8C" name="Vluong_Day11.AddCart" tests="5" failures="0" timestamp="2023-06-21T17:53:41 ICT" time="63.959" errors="0">
  <testcase name="TC_012VerifyMoreProductsOfTheSametype" time="5.895" classname="Vluong_Day11.AddCart"/>
  <system-out/>
  <testcase name="TC_013VerifyProductsQuantityInCart" time="9.495" classname="Vluong_Day11.AddCart"/>
  <system-out/>
  <testcase name="TC_011VerifySubscriptioninCartpage" time="7.823" classname="Vluong_Day11.AddCart"/>
  <system-out/>
  <testcase name="TC_014VerifyRemoveProductsInCart" time="11.539" classname="Vluong_Day11.AddCart"/>
  <system-out/>
  <testcase name="TC_015VerifyCheckOutInCart" time="29.207" classname="Vluong_Day11.AddCart"/>
  <system-out/>
</testsuite> <!-- Vluong_Day11.AddCart -->
